c:\workspace\astarpathfinding\intermediate\x64\debug\clickdemo\vc143.pdb
c:\workspace\astarpathfinding\intermediate\x64\debug\clickdemo\vc143.idb
c:\workspace\astarpathfinding\intermediate\x64\debug\clickdemo\main.obj
c:\workspace\astarpathfinding\intermediate\x64\debug\clickdemo\demolevel.obj
c:\workspace\astarpathfinding\intermediate\x64\debug\clickdemo\astar.obj
c:\workspace\astarpathfinding\intermediate\x64\debug\clickdemo\wall.obj
c:\workspace\astarpathfinding\intermediate\x64\debug\clickdemo\start.obj
c:\workspace\astarpathfinding\intermediate\x64\debug\clickdemo\path.obj
c:\workspace\astarpathfinding\intermediate\x64\debug\clickdemo\ground.obj
c:\workspace\astarpathfinding\intermediate\x64\debug\clickdemo\goal.obj
c:\workspace\astarpathfinding\intermediate\x64\debug\clickdemo\clear.obj
c:\workspace\astarpathfinding\bin\x64\debug\clickdemo\clickdemo.pdb
c:\workspace\astarpathfinding\intermediate\x64\debug\clickdemo\clickdemo.vcxproj.filelistabsolute.txt
c:\workspace\astarpathfinding\intermediate\x64\debug\clickdemo\clickdemo.tlog\cl.command.1.tlog
c:\workspace\astarpathfinding\intermediate\x64\debug\clickdemo\clickdemo.tlog\cl.read.1.tlog
c:\workspace\astarpathfinding\intermediate\x64\debug\clickdemo\clickdemo.tlog\cl.write.1.tlog
c:\workspace\astarpathfinding\intermediate\x64\debug\clickdemo\clickdemo.tlog\link-cvtres.read.1.tlog
c:\workspace\astarpathfinding\intermediate\x64\debug\clickdemo\clickdemo.tlog\link-cvtres.write.1.tlog
c:\workspace\astarpathfinding\intermediate\x64\debug\clickdemo\clickdemo.tlog\link-rc.read.1.tlog
c:\workspace\astarpathfinding\intermediate\x64\debug\clickdemo\clickdemo.tlog\link-rc.write.1.tlog
c:\workspace\astarpathfinding\intermediate\x64\debug\clickdemo\clickdemo.tlog\link.command.1.tlog
c:\workspace\astarpathfinding\intermediate\x64\debug\clickdemo\clickdemo.tlog\link.read.1.tlog
c:\workspace\astarpathfinding\intermediate\x64\debug\clickdemo\clickdemo.tlog\link.read.2.tlog
c:\workspace\astarpathfinding\intermediate\x64\debug\clickdemo\clickdemo.tlog\link.read.3.tlog
c:\workspace\astarpathfinding\intermediate\x64\debug\clickdemo\clickdemo.tlog\link.read.4.tlog
c:\workspace\astarpathfinding\intermediate\x64\debug\clickdemo\clickdemo.tlog\link.write.1.tlog
